<?xml version="1.0" encoding="UTF-8"?>
<testsuite name="tests.LoginTests" tests="1" skipped="0" failures="0" errors="0" timestamp="2023-08-27T12:11:37" hostname="aleksandra-Lenovo" time="1.972">
  <properties/>
  <testcase name="loginPositive" classname="tests.LoginTests" time="1.972"/>
  <system-out><![CDATA[]]></system-out>
  <system-err><![CDATA[]]></system-err>
</testsuite>
