<?xml version="1.0" encoding="UTF-8"?>
<testsuite name="tests.LoginTests" tests="1" skipped="0" failures="0" errors="0" timestamp="2023-06-18T20:55:48" hostname="aleksandra-Lenovo" time="2.392">
  <properties/>
  <testcase name="loginPositive" classname="tests.LoginTests" time="2.392"/>
  <system-out><![CDATA[]]></system-out>
  <system-err><![CDATA[]]></system-err>
</testsuite>
